<?xml version="1.0" encoding="UTF-8"?>
<!-- Generated by org.testng.reporters.JUnitReportReporter -->
<testsuite skipped="0" hostname="Fabio" name="test.ExtentReport" tests="1" failures="0" timestamp="2020-06-05T17:12:02 CEST" time="1.153" errors="0">
  <testcase name="test1" time="1.153" classname="test.ExtentReport"/>
  <system-out/>
</testsuite> <!-- test.ExtentReport -->
