<?xml version="1.0" encoding="UTF-8"?>
<!-- Generated by org.testng.reporters.JUnitReportReporter -->
<testsuite skipped="0" hostname="Fabio" name="test.TestNGParameters" tests="1" failures="0" timestamp="2020-06-06T13:58:45 CEST" time="0.012" errors="0">
  <testcase name="t1" time="0.012" classname="test.TestNGParameters"/>
  <system-out/>
</testsuite> <!-- test.TestNGParameters -->
