<?xml version="1.0" encoding="UTF-8"?>
<!-- Generated by org.testng.reporters.JUnitReportReporter -->
<testsuite skipped="0" hostname="Fabio" name="BrowserTest" tests="1" failures="0" timestamp="2020-06-05T12:16:11 CEST" time="3.095" errors="0">
  <testcase name="esegui" time="3.095" classname="BrowserTest"/>
  <system-out/>
</testsuite> <!-- BrowserTest -->
