<?xml version="1.0" encoding="UTF-8"?>
<!-- Generated by org.testng.reporters.JUnitReportReporter -->
<testsuite skipped="0" hostname="Fabio" name="test.ExtentReport2" tests="1" failures="0" timestamp="2020-06-05T16:46:30 CEST" time="1.807" errors="0">
  <testcase name="test2" time="1.807" classname="test.ExtentReport2"/>
  <system-out/>
</testsuite> <!-- test.ExtentReport2 -->
