<?xml version="1.0" encoding="UTF-8"?>
<!-- Generated by org.testng.reporters.JUnitReportReporter -->
<testsuite skipped="0" hostname="Fabio" name="ExtentReport" tests="1" failures="0" timestamp="2020-06-05T14:00:54 CEST" time="1.232" errors="0">
  <testcase name="test1" time="1.232" classname="ExtentReport"/>
  <system-out/>
</testsuite> <!-- ExtentReport -->
